13:21:52 **** Incremental Build of configuration Nios II for project RansacSoftware ****
make all 
Info: Building ../RansacSoftware_bsp/
D:/Quartus/nios2eds/bin/gnu/H-x86_64-mingw32/bin/make --no-print-directory -C ../RansacSoftware_bsp/
[BSP build complete]
Info: Compiling RansacPrograma.c to obj/default/RansacPrograma.o
nios2-elf-gcc -xc -MP -MMD -c -I../RansacSoftware_bsp//HAL/inc -I../RansacSoftware_bsp/ -I../RansacSoftware_bsp//drivers/inc  -pipe -D__hal__ -DALT_NO_INSTRUCTION_EMULATION -DALT_SINGLE_THREADED    -O0 -g -Wall   -mno-hw-div -mno-hw-mul -mno-hw-mulx -mgpopt=global  -o obj/default/RansacPrograma.o RansacPrograma.c
In file included from RansacPrograma.c:5:0:
RansacPrograma.c: In function 'main':
ransac.h:11:21: warning: passing argument 2 of 'readStructFromMemory' makes integer from pointer without a cast [-Wint-conversion]
 #define MEMORY_DATA (Point *) 0x40000
                     ^
RansacPrograma.c:71:37: note: in expansion of macro 'MEMORY_DATA'
         readStructFromMemory(&shape,MEMORY_DATA);
                                     ^
ransac.h:19:6: note: expected 'uint32_t {aka long unsigned int}' but argument is of type 'Point * {aka struct <anonymous> *}'
 void readStructFromMemory(Point* structPtr, uint32_t address);
      ^
ransac.h:11:21: warning: initialization from incompatible pointer type [-Wincompatible-pointer-types]
 #define MEMORY_DATA (Point *) 0x40000
                     ^
RansacPrograma.c:75:23: note: in expansion of macro 'MEMORY_DATA'
         int* points = MEMORY_DATA+1 ;//readPoints(data, shape,i);
                       ^
ransac.h:11:21: warning: initialization from incompatible pointer type [-Wincompatible-pointer-types]
 #define MEMORY_DATA (Point *) 0x40000
                     ^
RansacPrograma.c:76:26: note: in expansion of macro 'MEMORY_DATA'
         int* data_size = MEMORY_DATA;
                          ^
RansacPrograma.c:77:22: warning: comparison between pointer and integer
         if(data_size > MAX_POINTS) data_size = MAX_POINTS;
                      ^
RansacPrograma.c:77:46: warning: assignment makes pointer from integer without a cast [-Wint-conversion]
         if(data_size > MAX_POINTS) data_size = MAX_POINTS;
                                              ^
RansacPrograma.c:67:11: warning: unused variable 'myStruct' [-Wunused-variable]
     Point myStruct;
           ^
RansacPrograma.c:65:10: warning: unused variable 'model1' [-Wunused-variable]
     Line model1 = { 0.0, 0.0 };
          ^
Info: Linking RansacSoftware.elf
nios2-elf-g++  -T'../RansacSoftware_bsp//linker.x' -msys-crt0='../RansacSoftware_bsp//obj/HAL/src/crt0.o' -msys-lib=hal_bsp -L../RansacSoftware_bsp/   -Wl,-Map=RansacSoftware.map   -O0 -g -Wall   -mno-hw-div -mno-hw-mul -mno-hw-mulx -mgpopt=global  -o RansacSoftware.elf obj/default/RansacPrograma.o obj/default/ransac.o -lm -msys-lib=m
nios2-elf-insert RansacSoftware.elf --thread_model hal --cpu_name Processador --qsys true --simulation_enabled false --stderr_dev jtag --stdin_dev jtag --stdout_dev jtag --sopc_system_name RANSAC_NIOS --quartus_project_dir "C:/ti/projetos/LAB4/ransac/hardware/Quartus" --jdi ../..//output_files/RANSAC_NIOS.jdi --sopcinfo C:/ti/projetos/LAB4/ransac/hardware/Quartus/software/RansacSoftware_bsp/../../RANSAC_NIOS.sopcinfo
Info: (RansacSoftware.elf) 126 KBytes program size (code + initialized data).
Info:                      123 KBytes free for stack + heap.
Info: Creating RansacSoftware.objdump
nios2-elf-objdump --disassemble --syms --all-header --source RansacSoftware.elf >RansacSoftware.objdump
[RansacSoftware build complete]

13:21:56 Build Finished (took 4s.186ms)

