Info: Starting: Create block symbol file (.bsf)
Info: qsys-generate C:\LAB_IV_A\Quartus\RANSAC_NIOS_HARDWARE\SistemaEmbarcado.qsys --block-symbol-file --output-directory=C:\LAB_IV_A\Quartus\RANSAC_NIOS_HARDWARE\SistemaEmbarcado --family="Cyclone IV E" --part=EP4CE115F29C7
Progress: Loading RANSAC_NIOS_HARDWARE/SistemaEmbarcado.qsys
Progress: Reading input file
Progress: Adding InliersOutliers [InliersOutliers 1.0]
Progress: Parameterizing module InliersOutliers
Progress: Adding MedidorDesempenho [MedidorDesempenho 1.0]
Progress: Parameterizing module MedidorDesempenho
Progress: Adding MemoriaDados [altera_avalon_onchip_memory2 18.1]
Progress: Parameterizing module MemoriaDados
Progress: Adding MemoriaPrograma [altera_avalon_onchip_memory2 18.1]
Progress: Parameterizing module MemoriaPrograma
Progress: Adding Processador [altera_nios2_gen2 18.1]
Progress: Parameterizing module Processador
Progress: Adding clock [clock_source 18.1]
Progress: Parameterizing module clock
Progress: Adding jtag_uart [altera_avalon_jtag_uart 18.1]
Progress: Parameterizing module jtag_uart
Progress: Adding nios_custom_instr_floating_point_2_0 [altera_nios_custom_instr_floating_point_2 18.1]
Progress: Parameterizing module nios_custom_instr_floating_point_2_0
Progress: Building connections
Progress: Parameterizing connections
Progress: Validating
Progress: Done reading input file
Info: SistemaEmbarcado.jtag_uart: JTAG UART IP input clock need to be at least double (2x) the operating frequency of JTAG TCK on board
Info: qsys-generate succeeded.
Info: Finished: Create block symbol file (.bsf)
Info: 
Info: Starting: Create HDL design files for synthesis
Info: qsys-generate C:\LAB_IV_A\Quartus\RANSAC_NIOS_HARDWARE\SistemaEmbarcado.qsys --synthesis=VERILOG --output-directory=C:\LAB_IV_A\Quartus\RANSAC_NIOS_HARDWARE\SistemaEmbarcado\synthesis --family="Cyclone IV E" --part=EP4CE115F29C7
Progress: Loading RANSAC_NIOS_HARDWARE/SistemaEmbarcado.qsys
Progress: Reading input file
Progress: Adding InliersOutliers [InliersOutliers 1.0]
Progress: Parameterizing module InliersOutliers
Progress: Adding MedidorDesempenho [MedidorDesempenho 1.0]
Progress: Parameterizing module MedidorDesempenho
Progress: Adding MemoriaDados [altera_avalon_onchip_memory2 18.1]
Progress: Parameterizing module MemoriaDados
Progress: Adding MemoriaPrograma [altera_avalon_onchip_memory2 18.1]
Progress: Parameterizing module MemoriaPrograma
Progress: Adding Processador [altera_nios2_gen2 18.1]
Progress: Parameterizing module Processador
Progress: Adding clock [clock_source 18.1]
Progress: Parameterizing module clock
Progress: Adding jtag_uart [altera_avalon_jtag_uart 18.1]
Progress: Parameterizing module jtag_uart
Progress: Adding nios_custom_instr_floating_point_2_0 [altera_nios_custom_instr_floating_point_2 18.1]
Progress: Parameterizing module nios_custom_instr_floating_point_2_0
Progress: Building connections
Progress: Parameterizing connections
Progress: Validating
Progress: Done reading input file
Info: SistemaEmbarcado.jtag_uart: JTAG UART IP input clock need to be at least double (2x) the operating frequency of JTAG TCK on board
Info: SistemaEmbarcado: Generating SistemaEmbarcado "SistemaEmbarcado" for QUARTUS_SYNTH
Warning: SistemaEmbarcado: "No matching role found for Processador_custom_instruction_master_multi_xconnect:ci_slave:ci_slave_ipending (ipending)"
Warning: SistemaEmbarcado: "No matching role found for Processador_custom_instruction_master_multi_xconnect:ci_slave:ci_slave_estatus (estatus)"
Info: InliersOutliers: "SistemaEmbarcado" instantiated InliersOutliers "InliersOutliers"
Info: MedidorDesempenho: "SistemaEmbarcado" instantiated MedidorDesempenho "MedidorDesempenho"
Info: MemoriaDados: Starting RTL generation for module 'SistemaEmbarcado_MemoriaDados'
Info: MemoriaDados:   Generation command is [exec C:/intelfpga_lite/18.1/quartus/bin64/perl/bin/perl.exe -I C:/intelfpga_lite/18.1/quartus/bin64/perl/lib -I C:/intelfpga_lite/18.1/quartus/sopc_builder/bin/europa -I C:/intelfpga_lite/18.1/quartus/sopc_builder/bin/perl_lib -I C:/intelfpga_lite/18.1/quartus/sopc_builder/bin -I C:/intelfpga_lite/18.1/quartus/../ip/altera/sopc_builder_ip/common -I C:/intelfpga_lite/18.1/quartus/../ip/altera/sopc_builder_ip/altera_avalon_onchip_memory2 -- C:/intelfpga_lite/18.1/quartus/../ip/altera/sopc_builder_ip/altera_avalon_onchip_memory2/generate_rtl.pl --name=SistemaEmbarcado_MemoriaDados --dir=C:/Users/Caroline/AppData/Local/Temp/alt9556_2687516562812797880.dir/0004_MemoriaDados_gen/ --quartus_dir=C:/intelfpga_lite/18.1/quartus --verilog --config=C:/Users/Caroline/AppData/Local/Temp/alt9556_2687516562812797880.dir/0004_MemoriaDados_gen//SistemaEmbarcado_MemoriaDados_component_configuration.pl  --do_build_sim=0  ]
Info: MemoriaDados: Done RTL generation for module 'SistemaEmbarcado_MemoriaDados'
Info: MemoriaDados: "SistemaEmbarcado" instantiated altera_avalon_onchip_memory2 "MemoriaDados"
Info: MemoriaPrograma: Starting RTL generation for module 'SistemaEmbarcado_MemoriaPrograma'
Info: MemoriaPrograma:   Generation command is [exec C:/intelfpga_lite/18.1/quartus/bin64/perl/bin/perl.exe -I C:/intelfpga_lite/18.1/quartus/bin64/perl/lib -I C:/intelfpga_lite/18.1/quartus/sopc_builder/bin/europa -I C:/intelfpga_lite/18.1/quartus/sopc_builder/bin/perl_lib -I C:/intelfpga_lite/18.1/quartus/sopc_builder/bin -I C:/intelfpga_lite/18.1/quartus/../ip/altera/sopc_builder_ip/common -I C:/intelfpga_lite/18.1/quartus/../ip/altera/sopc_builder_ip/altera_avalon_onchip_memory2 -- C:/intelfpga_lite/18.1/quartus/../ip/altera/sopc_builder_ip/altera_avalon_onchip_memory2/generate_rtl.pl --name=SistemaEmbarcado_MemoriaPrograma --dir=C:/Users/Caroline/AppData/Local/Temp/alt9556_2687516562812797880.dir/0005_MemoriaPrograma_gen/ --quartus_dir=C:/intelfpga_lite/18.1/quartus --verilog --config=C:/Users/Caroline/AppData/Local/Temp/alt9556_2687516562812797880.dir/0005_MemoriaPrograma_gen//SistemaEmbarcado_MemoriaPrograma_component_configuration.pl  --do_build_sim=0  ]
Info: MemoriaPrograma: Done RTL generation for module 'SistemaEmbarcado_MemoriaPrograma'
Info: MemoriaPrograma: "SistemaEmbarcado" instantiated altera_avalon_onchip_memory2 "MemoriaPrograma"
Info: Processador: "SistemaEmbarcado" instantiated altera_nios2_gen2 "Processador"
Info: jtag_uart: Starting RTL generation for module 'SistemaEmbarcado_jtag_uart'
Info: jtag_uart:   Generation command is [exec C:/intelfpga_lite/18.1/quartus/bin64/perl/bin/perl.exe -I C:/intelfpga_lite/18.1/quartus/bin64/perl/lib -I C:/intelfpga_lite/18.1/quartus/sopc_builder/bin/europa -I C:/intelfpga_lite/18.1/quartus/sopc_builder/bin/perl_lib -I C:/intelfpga_lite/18.1/quartus/sopc_builder/bin -I C:/intelfpga_lite/18.1/quartus/../ip/altera/sopc_builder_ip/common -I C:/intelfpga_lite/18.1/quartus/../ip/altera/sopc_builder_ip/altera_avalon_jtag_uart -- C:/intelfpga_lite/18.1/quartus/../ip/altera/sopc_builder_ip/altera_avalon_jtag_uart/generate_rtl.pl --name=SistemaEmbarcado_jtag_uart --dir=C:/Users/Caroline/AppData/Local/Temp/alt9556_2687516562812797880.dir/0006_jtag_uart_gen/ --quartus_dir=C:/intelfpga_lite/18.1/quartus --verilog --config=C:/Users/Caroline/AppData/Local/Temp/alt9556_2687516562812797880.dir/0006_jtag_uart_gen//SistemaEmbarcado_jtag_uart_component_configuration.pl  --do_build_sim=0  ]
Info: jtag_uart: Done RTL generation for module 'SistemaEmbarcado_jtag_uart'
Info: jtag_uart: "SistemaEmbarcado" instantiated altera_avalon_jtag_uart "jtag_uart"
Info: nios_custom_instr_floating_point_2_0: "SistemaEmbarcado" instantiated altera_nios_custom_instr_floating_point_2 "nios_custom_instr_floating_point_2_0"
Info: Processador_custom_instruction_master_translator: "SistemaEmbarcado" instantiated altera_customins_master_translator "Processador_custom_instruction_master_translator"
Info: Processador_custom_instruction_master_comb_xconnect: "SistemaEmbarcado" instantiated altera_customins_xconnect "Processador_custom_instruction_master_comb_xconnect"
Info: Processador_custom_instruction_master_comb_slave_translator0: "SistemaEmbarcado" instantiated altera_customins_slave_translator "Processador_custom_instruction_master_comb_slave_translator0"
Info: Processador_custom_instruction_master_multi_xconnect: "SistemaEmbarcado" instantiated altera_customins_xconnect "Processador_custom_instruction_master_multi_xconnect"
Info: avalon_st_adapter: Inserting error_adapter: error_adapter_0
Info: avalon_st_adapter_001: Inserting error_adapter: error_adapter_0
Info: avalon_st_adapter_002: Inserting error_adapter: error_adapter_0
Info: avalon_st_adapter_003: Inserting error_adapter: error_adapter_0
Info: avalon_st_adapter_004: Inserting error_adapter: error_adapter_0
Info: avalon_st_adapter_005: Inserting error_adapter: error_adapter_0
Info: avalon_st_adapter_006: Inserting error_adapter: error_adapter_0
Info: avalon_st_adapter_007: Inserting error_adapter: error_adapter_0
Info: mm_interconnect_0: "SistemaEmbarcado" instantiated altera_mm_interconnect "mm_interconnect_0"
Info: irq_mapper: "SistemaEmbarcado" instantiated altera_irq_mapper "irq_mapper"
Info: rst_controller: "SistemaEmbarcado" instantiated altera_reset_controller "rst_controller"
Info: cpu: Starting RTL generation for module 'SistemaEmbarcado_Processador_cpu'
Info: cpu:   Generation command is [exec C:/intelFPGA_lite/18.1/quartus/bin64//eperlcmd.exe -I C:/intelFPGA_lite/18.1/quartus/bin64//perl/lib -I C:/intelfpga_lite/18.1/quartus/sopc_builder/bin/europa -I C:/intelfpga_lite/18.1/quartus/sopc_builder/bin/perl_lib -I C:/intelfpga_lite/18.1/quartus/sopc_builder/bin -I C:/intelfpga_lite/18.1/quartus/../ip/altera/nios2_ip/altera_nios2_gen2/cpu_lib -I C:/intelfpga_lite/18.1/quartus/../ip/altera/nios2_ip/altera_nios2_gen2/nios_lib -I C:/intelfpga_lite/18.1/quartus/../ip/altera/nios2_ip/altera_nios2_gen2 -I C:/intelfpga_lite/18.1/quartus/../ip/altera/nios2_ip/altera_nios2_gen2 -- C:/intelfpga_lite/18.1/quartus/../ip/altera/nios2_ip/altera_nios2_gen2/generate_rtl.epl --name=SistemaEmbarcado_Processador_cpu --dir=C:/Users/Caroline/AppData/Local/Temp/alt9556_2687516562812797880.dir/0013_cpu_gen/ --quartus_bindir=C:/intelFPGA_lite/18.1/quartus/bin64/ --verilog --config=C:/Users/Caroline/AppData/Local/Temp/alt9556_2687516562812797880.dir/0013_cpu_gen//SistemaEmbarcado_Processador_cpu_processor_configuration.pl  --do_build_sim=0  ]
Info: cpu: # 2023.07.18 18:20:04 (*) Starting Nios II generation
Info: cpu: # 2023.07.18 18:20:04 (*)   Checking for plaintext license.
Info: cpu: # 2023.07.18 18:20:05 (*)   Couldn't query license setup in Quartus directory C:/intelFPGA_lite/18.1/quartus/bin64/
Info: cpu: # 2023.07.18 18:20:05 (*)   Defaulting to contents of LM_LICENSE_FILE environment variable
Info: cpu: # 2023.07.18 18:20:05 (*)   LM_LICENSE_FILE environment variable is empty
Info: cpu: # 2023.07.18 18:20:05 (*)   Plaintext license not found.
Info: cpu: # 2023.07.18 18:20:05 (*)   No license required to generate encrypted Nios II/e.
Info: cpu: # 2023.07.18 18:20:05 (*)   Elaborating CPU configuration settings
Info: cpu: # 2023.07.18 18:20:05 (*)   Creating all objects for CPU
Info: cpu: # 2023.07.18 18:20:05 (*)   Generating RTL from CPU objects
Info: cpu: # 2023.07.18 18:20:05 (*)   Creating plain-text RTL
Info: cpu: # 2023.07.18 18:20:05 (*) Done Nios II generation
Info: cpu: Done RTL generation for module 'SistemaEmbarcado_Processador_cpu'
Info: cpu: "Processador" instantiated altera_nios2_gen2_unit "cpu"
Info: fpci_combi: "nios_custom_instr_floating_point_2_0" instantiated altera_nios_custom_instr_floating_point_2_combi "fpci_combi"
Info: fpci_multi: "nios_custom_instr_floating_point_2_0" instantiated altera_nios_custom_instr_floating_point_2_multi "fpci_multi"
Info: Processador_data_master_translator: "mm_interconnect_0" instantiated altera_merlin_master_translator "Processador_data_master_translator"
Info: MedidorDesempenho_Escrita_translator: "mm_interconnect_0" instantiated altera_merlin_slave_translator "MedidorDesempenho_Escrita_translator"
Info: Processador_data_master_agent: "mm_interconnect_0" instantiated altera_merlin_master_agent "Processador_data_master_agent"
Info: MedidorDesempenho_Escrita_agent: "mm_interconnect_0" instantiated altera_merlin_slave_agent "MedidorDesempenho_Escrita_agent"
Info: MedidorDesempenho_Escrita_agent_rsp_fifo: "mm_interconnect_0" instantiated altera_avalon_sc_fifo "MedidorDesempenho_Escrita_agent_rsp_fifo"
Info: router: "mm_interconnect_0" instantiated altera_merlin_router "router"
Info: router_001: "mm_interconnect_0" instantiated altera_merlin_router "router_001"
Info: router_002: "mm_interconnect_0" instantiated altera_merlin_router "router_002"
Info: router_007: "mm_interconnect_0" instantiated altera_merlin_router "router_007"
Info: cmd_demux: "mm_interconnect_0" instantiated altera_merlin_demultiplexer "cmd_demux"
Info: cmd_demux_001: "mm_interconnect_0" instantiated altera_merlin_demultiplexer "cmd_demux_001"
Info: cmd_mux: "mm_interconnect_0" instantiated altera_merlin_multiplexer "cmd_mux"
Info: cmd_mux_005: "mm_interconnect_0" instantiated altera_merlin_multiplexer "cmd_mux_005"
Info: Reusing file C:/LAB_IV_A/Quartus/RANSAC_NIOS_HARDWARE/SistemaEmbarcado/synthesis/submodules/altera_merlin_arbitrator.sv
Info: rsp_demux: "mm_interconnect_0" instantiated altera_merlin_demultiplexer "rsp_demux"
Info: rsp_mux: "mm_interconnect_0" instantiated altera_merlin_multiplexer "rsp_mux"
Info: Reusing file C:/LAB_IV_A/Quartus/RANSAC_NIOS_HARDWARE/SistemaEmbarcado/synthesis/submodules/altera_merlin_arbitrator.sv
Info: rsp_mux_001: "mm_interconnect_0" instantiated altera_merlin_multiplexer "rsp_mux_001"
Info: Reusing file C:/LAB_IV_A/Quartus/RANSAC_NIOS_HARDWARE/SistemaEmbarcado/synthesis/submodules/altera_merlin_arbitrator.sv
Info: avalon_st_adapter: "mm_interconnect_0" instantiated altera_avalon_st_adapter "avalon_st_adapter"
Info: error_adapter_0: "avalon_st_adapter" instantiated error_adapter "error_adapter_0"
Info: SistemaEmbarcado: Done "SistemaEmbarcado" with 36 modules, 69 files
Info: qsys-generate succeeded.
Info: Finished: Create HDL design files for synthesis
