Info: Starting: Create block symbol file (.bsf)
Info: qsys-generate C:\ti\projetos\LAB4\ransac\LAB_IV_A\Quartus\RANSAC_NIOS\SistemaEmbarcado.qsys --block-symbol-file --output-directory=C:\ti\projetos\LAB4\ransac\LAB_IV_A\Quartus\RANSAC_NIOS\SistemaEmbarcado --family="Cyclone IV E" --part=EP4CE115F29C7
Progress: Loading RANSAC_NIOS/SistemaEmbarcado.qsys
Progress: Reading input file
Progress: Adding MemoriaDados [altera_avalon_onchip_memory2 18.1]
Progress: Parameterizing module MemoriaDados
Progress: Adding MemoriaPrograma [altera_avalon_onchip_memory2 18.1]
Progress: Parameterizing module MemoriaPrograma
Progress: Adding Processador [altera_nios2_gen2 18.1]
Progress: Parameterizing module Processador
Progress: Adding clock [clock_source 18.1]
Progress: Parameterizing module clock
Progress: Adding jtag_uart [altera_avalon_jtag_uart 18.1]
Progress: Parameterizing module jtag_uart
Progress: Adding nios_custom_instr_floating_point_2_0 [altera_nios_custom_instr_floating_point_2 18.1]
Progress: Parameterizing module nios_custom_instr_floating_point_2_0
Progress: Building connections
Progress: Parameterizing connections
Progress: Validating
Progress: Done reading input file
Info: SistemaEmbarcado.jtag_uart: JTAG UART IP input clock need to be at least double (2x) the operating frequency of JTAG TCK on board
Info: qsys-generate succeeded.
Info: Finished: Create block symbol file (.bsf)
Info: 
Info: Starting: Create HDL design files for synthesis
Info: qsys-generate C:\ti\projetos\LAB4\ransac\LAB_IV_A\Quartus\RANSAC_NIOS\SistemaEmbarcado.qsys --synthesis=VERILOG --output-directory=C:\ti\projetos\LAB4\ransac\LAB_IV_A\Quartus\RANSAC_NIOS\SistemaEmbarcado\synthesis --family="Cyclone IV E" --part=EP4CE115F29C7
Progress: Loading RANSAC_NIOS/SistemaEmbarcado.qsys
Progress: Reading input file
Progress: Adding MemoriaDados [altera_avalon_onchip_memory2 18.1]
Progress: Parameterizing module MemoriaDados
Progress: Adding MemoriaPrograma [altera_avalon_onchip_memory2 18.1]
Progress: Parameterizing module MemoriaPrograma
Progress: Adding Processador [altera_nios2_gen2 18.1]
Progress: Parameterizing module Processador
Progress: Adding clock [clock_source 18.1]
Progress: Parameterizing module clock
Progress: Adding jtag_uart [altera_avalon_jtag_uart 18.1]
Progress: Parameterizing module jtag_uart
Progress: Adding nios_custom_instr_floating_point_2_0 [altera_nios_custom_instr_floating_point_2 18.1]
Progress: Parameterizing module nios_custom_instr_floating_point_2_0
Progress: Building connections
Progress: Parameterizing connections
Progress: Validating
Progress: Done reading input file
Info: SistemaEmbarcado.jtag_uart: JTAG UART IP input clock need to be at least double (2x) the operating frequency of JTAG TCK on board
Info: SistemaEmbarcado: Generating SistemaEmbarcado "SistemaEmbarcado" for QUARTUS_SYNTH
Warning: SistemaEmbarcado: "No matching role found for Processador_custom_instruction_master_multi_xconnect:ci_slave:ci_slave_ipending (ipending)"
Warning: SistemaEmbarcado: "No matching role found for Processador_custom_instruction_master_multi_xconnect:ci_slave:ci_slave_estatus (estatus)"
Info: MemoriaDados: Starting RTL generation for module 'SistemaEmbarcado_MemoriaDados'
Info: MemoriaDados:   Generation command is [exec D:/quartus/quartus/bin64/perl/bin/perl.exe -I D:/quartus/quartus/bin64/perl/lib -I D:/quartus/quartus/sopc_builder/bin/europa -I D:/quartus/quartus/sopc_builder/bin/perl_lib -I D:/quartus/quartus/sopc_builder/bin -I D:/quartus/quartus/../ip/altera/sopc_builder_ip/common -I D:/quartus/quartus/../ip/altera/sopc_builder_ip/altera_avalon_onchip_memory2 -- D:/quartus/quartus/../ip/altera/sopc_builder_ip/altera_avalon_onchip_memory2/generate_rtl.pl --name=SistemaEmbarcado_MemoriaDados --dir=C:/Users/diego/AppData/Local/Temp/alt9546_6264160990319642207.dir/0002_MemoriaDados_gen/ --quartus_dir=D:/quartus/quartus --verilog --config=C:/Users/diego/AppData/Local/Temp/alt9546_6264160990319642207.dir/0002_MemoriaDados_gen//SistemaEmbarcado_MemoriaDados_component_configuration.pl  --do_build_sim=0  ]
Info: MemoriaDados: Done RTL generation for module 'SistemaEmbarcado_MemoriaDados'
Info: MemoriaDados: "SistemaEmbarcado" instantiated altera_avalon_onchip_memory2 "MemoriaDados"
Info: MemoriaPrograma: Starting RTL generation for module 'SistemaEmbarcado_MemoriaPrograma'
Info: MemoriaPrograma:   Generation command is [exec D:/quartus/quartus/bin64/perl/bin/perl.exe -I D:/quartus/quartus/bin64/perl/lib -I D:/quartus/quartus/sopc_builder/bin/europa -I D:/quartus/quartus/sopc_builder/bin/perl_lib -I D:/quartus/quartus/sopc_builder/bin -I D:/quartus/quartus/../ip/altera/sopc_builder_ip/common -I D:/quartus/quartus/../ip/altera/sopc_builder_ip/altera_avalon_onchip_memory2 -- D:/quartus/quartus/../ip/altera/sopc_builder_ip/altera_avalon_onchip_memory2/generate_rtl.pl --name=SistemaEmbarcado_MemoriaPrograma --dir=C:/Users/diego/AppData/Local/Temp/alt9546_6264160990319642207.dir/0003_MemoriaPrograma_gen/ --quartus_dir=D:/quartus/quartus --verilog --config=C:/Users/diego/AppData/Local/Temp/alt9546_6264160990319642207.dir/0003_MemoriaPrograma_gen//SistemaEmbarcado_MemoriaPrograma_component_configuration.pl  --do_build_sim=0  ]
Info: MemoriaPrograma: Done RTL generation for module 'SistemaEmbarcado_MemoriaPrograma'
Info: MemoriaPrograma: "SistemaEmbarcado" instantiated altera_avalon_onchip_memory2 "MemoriaPrograma"
Info: Processador: "SistemaEmbarcado" instantiated altera_nios2_gen2 "Processador"
Info: jtag_uart: Starting RTL generation for module 'SistemaEmbarcado_jtag_uart'
Info: jtag_uart:   Generation command is [exec D:/quartus/quartus/bin64/perl/bin/perl.exe -I D:/quartus/quartus/bin64/perl/lib -I D:/quartus/quartus/sopc_builder/bin/europa -I D:/quartus/quartus/sopc_builder/bin/perl_lib -I D:/quartus/quartus/sopc_builder/bin -I D:/quartus/quartus/../ip/altera/sopc_builder_ip/common -I D:/quartus/quartus/../ip/altera/sopc_builder_ip/altera_avalon_jtag_uart -- D:/quartus/quartus/../ip/altera/sopc_builder_ip/altera_avalon_jtag_uart/generate_rtl.pl --name=SistemaEmbarcado_jtag_uart --dir=C:/Users/diego/AppData/Local/Temp/alt9546_6264160990319642207.dir/0004_jtag_uart_gen/ --quartus_dir=D:/quartus/quartus --verilog --config=C:/Users/diego/AppData/Local/Temp/alt9546_6264160990319642207.dir/0004_jtag_uart_gen//SistemaEmbarcado_jtag_uart_component_configuration.pl  --do_build_sim=0  ]
Info: jtag_uart: Done RTL generation for module 'SistemaEmbarcado_jtag_uart'
Info: jtag_uart: "SistemaEmbarcado" instantiated altera_avalon_jtag_uart "jtag_uart"
Info: nios_custom_instr_floating_point_2_0: "SistemaEmbarcado" instantiated altera_nios_custom_instr_floating_point_2 "nios_custom_instr_floating_point_2_0"
Info: Processador_custom_instruction_master_translator: "SistemaEmbarcado" instantiated altera_customins_master_translator "Processador_custom_instruction_master_translator"
Info: Processador_custom_instruction_master_comb_xconnect: "SistemaEmbarcado" instantiated altera_customins_xconnect "Processador_custom_instruction_master_comb_xconnect"
Info: Processador_custom_instruction_master_comb_slave_translator0: "SistemaEmbarcado" instantiated altera_customins_slave_translator "Processador_custom_instruction_master_comb_slave_translator0"
Info: Processador_custom_instruction_master_multi_xconnect: "SistemaEmbarcado" instantiated altera_customins_xconnect "Processador_custom_instruction_master_multi_xconnect"
Info: avalon_st_adapter: Inserting error_adapter: error_adapter_0
Info: avalon_st_adapter_001: Inserting error_adapter: error_adapter_0
Info: avalon_st_adapter_002: Inserting error_adapter: error_adapter_0
Info: avalon_st_adapter_003: Inserting error_adapter: error_adapter_0
Info: mm_interconnect_0: "SistemaEmbarcado" instantiated altera_mm_interconnect "mm_interconnect_0"
Info: irq_mapper: "SistemaEmbarcado" instantiated altera_irq_mapper "irq_mapper"
Info: rst_controller: "SistemaEmbarcado" instantiated altera_reset_controller "rst_controller"
Info: cpu: Starting RTL generation for module 'SistemaEmbarcado_Processador_cpu'
Info: cpu:   Generation command is [exec D:/Quartus/quartus/bin64//eperlcmd.exe -I D:/Quartus/quartus/bin64//perl/lib -I D:/quartus/quartus/sopc_builder/bin/europa -I D:/quartus/quartus/sopc_builder/bin/perl_lib -I D:/quartus/quartus/sopc_builder/bin -I D:/quartus/quartus/../ip/altera/nios2_ip/altera_nios2_gen2/cpu_lib -I D:/quartus/quartus/../ip/altera/nios2_ip/altera_nios2_gen2/nios_lib -I D:/quartus/quartus/../ip/altera/nios2_ip/altera_nios2_gen2 -I D:/quartus/quartus/../ip/altera/nios2_ip/altera_nios2_gen2 -- D:/quartus/quartus/../ip/altera/nios2_ip/altera_nios2_gen2/generate_rtl.epl --name=SistemaEmbarcado_Processador_cpu --dir=C:/Users/diego/AppData/Local/Temp/alt9546_6264160990319642207.dir/0011_cpu_gen/ --quartus_bindir=D:/Quartus/quartus/bin64/ --verilog --config=C:/Users/diego/AppData/Local/Temp/alt9546_6264160990319642207.dir/0011_cpu_gen//SistemaEmbarcado_Processador_cpu_processor_configuration.pl  --do_build_sim=0  ]
Info: cpu: # 2023.07.08 17:01:56 (*) Starting Nios II generation
Info: cpu: # 2023.07.08 17:01:56 (*)   Checking for plaintext license.
Info: cpu: # 2023.07.08 17:01:58 (*)   Couldn't query license setup in Quartus directory D:/Quartus/quartus/bin64/
Info: cpu: # 2023.07.08 17:01:58 (*)   Defaulting to contents of LM_LICENSE_FILE environment variable
Info: cpu: # 2023.07.08 17:01:58 (*)   LM_LICENSE_FILE environment variable is empty
Info: cpu: # 2023.07.08 17:01:58 (*)   Plaintext license not found.
Info: cpu: # 2023.07.08 17:01:58 (*)   No license required to generate encrypted Nios II/e.
Info: cpu: # 2023.07.08 17:01:58 (*)   Elaborating CPU configuration settings
Info: cpu: # 2023.07.08 17:01:58 (*)   Creating all objects for CPU
Info: cpu: # 2023.07.08 17:01:59 (*)   Generating RTL from CPU objects
Info: cpu: # 2023.07.08 17:01:59 (*)   Creating plain-text RTL
Info: cpu: # 2023.07.08 17:02:00 (*) Done Nios II generation
Info: cpu: Done RTL generation for module 'SistemaEmbarcado_Processador_cpu'
Info: cpu: "Processador" instantiated altera_nios2_gen2_unit "cpu"
Info: fpci_combi: "nios_custom_instr_floating_point_2_0" instantiated altera_nios_custom_instr_floating_point_2_combi "fpci_combi"
Info: fpci_multi: "nios_custom_instr_floating_point_2_0" instantiated altera_nios_custom_instr_floating_point_2_multi "fpci_multi"
Info: Processador_data_master_translator: "mm_interconnect_0" instantiated altera_merlin_master_translator "Processador_data_master_translator"
Info: jtag_uart_avalon_jtag_slave_translator: "mm_interconnect_0" instantiated altera_merlin_slave_translator "jtag_uart_avalon_jtag_slave_translator"
Info: Processador_data_master_agent: "mm_interconnect_0" instantiated altera_merlin_master_agent "Processador_data_master_agent"
Info: jtag_uart_avalon_jtag_slave_agent: "mm_interconnect_0" instantiated altera_merlin_slave_agent "jtag_uart_avalon_jtag_slave_agent"
Info: jtag_uart_avalon_jtag_slave_agent_rsp_fifo: "mm_interconnect_0" instantiated altera_avalon_sc_fifo "jtag_uart_avalon_jtag_slave_agent_rsp_fifo"
Info: router: "mm_interconnect_0" instantiated altera_merlin_router "router"
Info: router_001: "mm_interconnect_0" instantiated altera_merlin_router "router_001"
Info: router_002: "mm_interconnect_0" instantiated altera_merlin_router "router_002"
Info: router_003: "mm_interconnect_0" instantiated altera_merlin_router "router_003"
Info: cmd_demux: "mm_interconnect_0" instantiated altera_merlin_demultiplexer "cmd_demux"
Info: cmd_demux_001: "mm_interconnect_0" instantiated altera_merlin_demultiplexer "cmd_demux_001"
Info: cmd_mux: "mm_interconnect_0" instantiated altera_merlin_multiplexer "cmd_mux"
Info: cmd_mux_001: "mm_interconnect_0" instantiated altera_merlin_multiplexer "cmd_mux_001"
Info: Reusing file C:/ti/projetos/LAB4/ransac/LAB_IV_A/Quartus/RANSAC_NIOS/SistemaEmbarcado/synthesis/submodules/altera_merlin_arbitrator.sv
Info: rsp_demux: "mm_interconnect_0" instantiated altera_merlin_demultiplexer "rsp_demux"
Info: rsp_mux: "mm_interconnect_0" instantiated altera_merlin_multiplexer "rsp_mux"
Info: Reusing file C:/ti/projetos/LAB4/ransac/LAB_IV_A/Quartus/RANSAC_NIOS/SistemaEmbarcado/synthesis/submodules/altera_merlin_arbitrator.sv
Info: rsp_mux_001: "mm_interconnect_0" instantiated altera_merlin_multiplexer "rsp_mux_001"
Info: Reusing file C:/ti/projetos/LAB4/ransac/LAB_IV_A/Quartus/RANSAC_NIOS/SistemaEmbarcado/synthesis/submodules/altera_merlin_arbitrator.sv
Info: avalon_st_adapter: "mm_interconnect_0" instantiated altera_avalon_st_adapter "avalon_st_adapter"
Info: error_adapter_0: "avalon_st_adapter" instantiated error_adapter "error_adapter_0"
Info: SistemaEmbarcado: Done "SistemaEmbarcado" with 34 modules, 65 files
Info: qsys-generate succeeded.
Info: Finished: Create HDL design files for synthesis
