18:47:16 **** Build of configuration Nios II for project RansacSoftware ****
make all 
Info: Building ../RansacSoftware_bsp/
C:/intelFPGA_lite/18.1/nios2eds/bin/gnu/H-x86_64-mingw32/bin/make --no-print-directory -C ../RansacSoftware_bsp/
[BSP build complete]
Info: Compiling main.c to obj/default/main.o
nios2-elf-gcc -xc -MP -MMD -c -I../RansacSoftware_bsp//newlib/nios2-elf/include -I../RansacSoftware_bsp//HAL/inc -I../RansacSoftware_bsp/ -I../RansacSoftware_bsp//drivers/inc  -pipe -D__hal__ -DALT_NO_INSTRUCTION_EMULATION -DALT_SINGLE_THREADED    -O0 -g -Wall   -mno-hw-div -mno-hw-mul -mno-hw-mulx -mgpopt=global -fno-math-errno -mcustom-fabss=224 -mcustom-fadds=253 -mcustom-fcmpeqs=227 -mcustom-fcmpges=228 -mcustom-fcmpgts=229 -mcustom-fcmples=230 -mcustom-fcmplts=231 -mcustom-fcmpnes=226 -mcustom-fdivs=255 -mcustom-fixsi=249 -mcustom-floatis=250 -mcustom-fmuls=252 -mcustom-fnegs=225 -mcustom-fsubs=254  -o obj/default/main.o main.c
Info: Compiling ransac.c to obj/default/ransac.o
nios2-elf-gcc -xc -MP -MMD -c -I../RansacSoftware_bsp//newlib/nios2-elf/include -I../RansacSoftware_bsp//HAL/inc -I../RansacSoftware_bsp/ -I../RansacSoftware_bsp//drivers/inc  -pipe -D__hal__ -DALT_NO_INSTRUCTION_EMULATION -DALT_SINGLE_THREADED    -O0 -g -Wall   -mno-hw-div -mno-hw-mul -mno-hw-mulx -mgpopt=global -fno-math-errno -mcustom-fabss=224 -mcustom-fadds=253 -mcustom-fcmpeqs=227 -mcustom-fcmpges=228 -mcustom-fcmpgts=229 -mcustom-fcmples=230 -mcustom-fcmplts=231 -mcustom-fcmpnes=226 -mcustom-fdivs=255 -mcustom-fixsi=249 -mcustom-floatis=250 -mcustom-fmuls=252 -mcustom-fnegs=225 -mcustom-fsubs=254  -o obj/default/ransac.o ransac.c
Info: Linking RansacSoftware.elf
nios2-elf-g++  -T'../RansacSoftware_bsp//linker.x' -msys-crt0='../RansacSoftware_bsp//obj/HAL/src/crt0.o' -msys-lib=hal_bsp -L../RansacSoftware_bsp/ -L../RansacSoftware_bsp//newlib/nios2-elf/lib   -Wl,-Map=RansacSoftware.map   -O0 -g -Wall   -mno-hw-div -mno-hw-mul -mno-hw-mulx -mgpopt=global -fno-math-errno -mcustom-fabss=224 -mcustom-fadds=253 -mcustom-fcmpeqs=227 -mcustom-fcmpges=228 -mcustom-fcmpgts=229 -mcustom-fcmples=230 -mcustom-fcmplts=231 -mcustom-fcmpnes=226 -mcustom-fdivs=255 -mcustom-fixsi=249 -mcustom-floatis=250 -mcustom-fmuls=252 -mcustom-fnegs=225 -mcustom-fsubs=254  -o RansacSoftware.elf obj/default/main.o obj/default/ransac.o -lm -msys-lib=m
nios2-elf-insert RansacSoftware.elf --thread_model hal --cpu_name Processador --qsys true --simulation_enabled false --stderr_dev jtag_uart --stdin_dev jtag_uart --stdout_dev jtag_uart --sopc_system_name SistemaEmbarcado --quartus_project_dir "C:/LAB_IV_A/Quartus/RANSAC_NIOS" --jdi ../..//output_files/RansacNios.jdi --sopcinfo C:/LAB_IV_A/Quartus/RANSAC_NIOS/software/RansacSoftware_bsp/../../SistemaEmbarcado.sopcinfo
Info: (RansacSoftware.elf) 113 KBytes program size (code + initialized data).
Info:                      79 KBytes free for stack + heap.
Info: Creating RansacSoftware.objdump
nios2-elf-objdump --disassemble --syms --all-header --source RansacSoftware.elf >RansacSoftware.objdump
[RansacSoftware build complete]
18:47:17 **** Build of configuration Nios II for project RansacSoftware_bsp ****
make all 
[BSP build complete]
18:47:27 **** Build of configuration Nios II for project RansacSoftware ****
make all 
Info: Building ../RansacSoftware_bsp/
C:/intelFPGA_lite/18.1/nios2eds/bin/gnu/H-x86_64-mingw32/bin/make --no-print-directory -C ../RansacSoftware_bsp/
[BSP build complete]
[RansacSoftware build complete]
18:47:28 **** Incremental Build of configuration Nios II for project RansacSoftware ****
make all 
Info: Building ../RansacSoftware_bsp/
C:/intelFPGA_lite/18.1/nios2eds/bin/gnu/H-x86_64-mingw32/bin/make --no-print-directory -C ../RansacSoftware_bsp/
[BSP build complete]
[RansacSoftware build complete]
19:08:48 **** Build of configuration Nios II for project RansacSoftware ****
make all 
Info: Building ../RansacSoftware_bsp/
C:/intelFPGA_lite/18.1/nios2eds/bin/gnu/H-x86_64-mingw32/bin/make --no-print-directory -C ../RansacSoftware_bsp/
[BSP build complete]
Info: Compiling main.c to obj/default/main.o
nios2-elf-gcc -xc -MP -MMD -c -I../RansacSoftware_bsp//newlib/nios2-elf/include -I../RansacSoftware_bsp//HAL/inc -I../RansacSoftware_bsp/ -I../RansacSoftware_bsp//drivers/inc  -pipe -D__hal__ -DALT_NO_INSTRUCTION_EMULATION -DALT_SINGLE_THREADED    -O0 -g -Wall   -mno-hw-div -mno-hw-mul -mno-hw-mulx -mgpopt=global -fno-math-errno -mcustom-fabss=224 -mcustom-fadds=253 -mcustom-fcmpeqs=227 -mcustom-fcmpges=228 -mcustom-fcmpgts=229 -mcustom-fcmples=230 -mcustom-fcmplts=231 -mcustom-fcmpnes=226 -mcustom-fdivs=255 -mcustom-fixsi=249 -mcustom-floatis=250 -mcustom-fmuls=252 -mcustom-fnegs=225 -mcustom-fsubs=254  -o obj/default/main.o main.c
Info: Linking RansacSoftware.elf
nios2-elf-g++  -T'../RansacSoftware_bsp//linker.x' -msys-crt0='../RansacSoftware_bsp//obj/HAL/src/crt0.o' -msys-lib=hal_bsp -L../RansacSoftware_bsp/ -L../RansacSoftware_bsp//newlib/nios2-elf/lib   -Wl,-Map=RansacSoftware.map   -O0 -g -Wall   -mno-hw-div -mno-hw-mul -mno-hw-mulx -mgpopt=global -fno-math-errno -mcustom-fabss=224 -mcustom-fadds=253 -mcustom-fcmpeqs=227 -mcustom-fcmpges=228 -mcustom-fcmpgts=229 -mcustom-fcmples=230 -mcustom-fcmplts=231 -mcustom-fcmpnes=226 -mcustom-fdivs=255 -mcustom-fixsi=249 -mcustom-floatis=250 -mcustom-fmuls=252 -mcustom-fnegs=225 -mcustom-fsubs=254  -o RansacSoftware.elf obj/default/main.o obj/default/ransac.o -lm -msys-lib=m
nios2-elf-insert RansacSoftware.elf --thread_model hal --cpu_name Processador --qsys true --simulation_enabled false --stderr_dev jtag_uart --stdin_dev jtag_uart --stdout_dev jtag_uart --sopc_system_name SistemaEmbarcado --quartus_project_dir "C:/LAB_IV_A/Quartus/RANSAC_NIOS" --jdi ../..//output_files/RansacNios.jdi --sopcinfo C:/LAB_IV_A/Quartus/RANSAC_NIOS/software/RansacSoftware_bsp/../../SistemaEmbarcado.sopcinfo
Info: (RansacSoftware.elf) 113 KBytes program size (code + initialized data).
Info:                      79 KBytes free for stack + heap.
Info: Creating RansacSoftware.objdump
nios2-elf-objdump --disassemble --syms --all-header --source RansacSoftware.elf >RansacSoftware.objdump
[RansacSoftware build complete]
19:09:21 **** Incremental Build of configuration Nios II for project RansacSoftware ****
make all 
Info: Building ../RansacSoftware_bsp/
C:/intelFPGA_lite/18.1/nios2eds/bin/gnu/H-x86_64-mingw32/bin/make --no-print-directory -C ../RansacSoftware_bsp/
[BSP build complete]
[RansacSoftware build complete]
19:09:21 **** Incremental Build of configuration Nios II for project RansacSoftware_bsp ****
make all 
[BSP build complete]
19:09:58 **** Incremental Build of configuration Nios II for project RansacSoftware ****
make all 
Info: Building ../RansacSoftware_bsp/
C:/intelFPGA_lite/18.1/nios2eds/bin/gnu/H-x86_64-mingw32/bin/make --no-print-directory -C ../RansacSoftware_bsp/
[BSP build complete]
[RansacSoftware build complete]
19:09:59 **** Incremental Build of configuration Nios II for project RansacSoftware_bsp ****
make all 
[BSP build complete]
19:10:08 **** Build of configuration Nios II for project RansacSoftware ****
make all 
Info: Building ../RansacSoftware_bsp/
C:/intelFPGA_lite/18.1/nios2eds/bin/gnu/H-x86_64-mingw32/bin/make --no-print-directory -C ../RansacSoftware_bsp/
[BSP build complete]
[RansacSoftware build complete]
19:10:09 **** Incremental Build of configuration Nios II for project RansacSoftware ****
make all 
Info: Building ../RansacSoftware_bsp/
C:/intelFPGA_lite/18.1/nios2eds/bin/gnu/H-x86_64-mingw32/bin/make --no-print-directory -C ../RansacSoftware_bsp/
[BSP build complete]
[RansacSoftware build complete]
19:11:05 **** Incremental Build of configuration Nios II for project RansacSoftware ****
make all 
Info: Building ../RansacSoftware_bsp/
C:/intelFPGA_lite/18.1/nios2eds/bin/gnu/H-x86_64-mingw32/bin/make --no-print-directory -C ../RansacSoftware_bsp/
[BSP build complete]
[RansacSoftware build complete]
19:11:06 **** Incremental Build of configuration Nios II for project RansacSoftware_bsp ****
make all 
[BSP build complete]
19:11:15 **** Build of configuration Nios II for project RansacSoftware ****
make all 
Info: Building ../RansacSoftware_bsp/
C:/intelFPGA_lite/18.1/nios2eds/bin/gnu/H-x86_64-mingw32/bin/make --no-print-directory -C ../RansacSoftware_bsp/
[BSP build complete]
[RansacSoftware build complete]
19:11:16 **** Incremental Build of configuration Nios II for project RansacSoftware ****
make all 
Info: Building ../RansacSoftware_bsp/
C:/intelFPGA_lite/18.1/nios2eds/bin/gnu/H-x86_64-mingw32/bin/make --no-print-directory -C ../RansacSoftware_bsp/
[BSP build complete]
[RansacSoftware build complete]
19:39:22 **** Build of configuration Nios II for project RansacSoftware ****
make all 
Info: Building ../RansacSoftware_bsp/
C:/intelFPGA_lite/18.1/nios2eds/bin/gnu/H-x86_64-mingw32/bin/make --no-print-directory -C ../RansacSoftware_bsp/
[BSP build complete]
[RansacSoftware build complete]
19:39:23 **** Incremental Build of configuration Nios II for project RansacSoftware ****
make all 
Info: Building ../RansacSoftware_bsp/
C:/intelFPGA_lite/18.1/nios2eds/bin/gnu/H-x86_64-mingw32/bin/make --no-print-directory -C ../RansacSoftware_bsp/
[BSP build complete]
[RansacSoftware build complete]
