Flow report for RansacNios
Sun Jul 16 17:36:55 2023
Quartus Prime Version 18.1.0 Build 625 09/12/2018 SJ Lite Edition


---------------------
; Table of Contents ;
---------------------
  1. Legal Notice
  2. Flow Summary
  3. Flow Settings
  4. Flow Non-Default Global Settings
  5. Flow Elapsed Time
  6. Flow OS Summary
  7. Flow Log
  8. Flow Messages
  9. Flow Suppressed Messages



----------------
; Legal Notice ;
----------------
Copyright (C) 2018  Intel Corporation. All rights reserved.
Your use of Intel Corporation's design tools, logic functions 
and other software and tools, and its AMPP partner logic 
functions, and any output files from any of the foregoing 
(including device programming or simulation files), and any 
associated documentation or information are expressly subject 
to the terms and conditions of the Intel Program License 
Subscription Agreement, the Intel Quartus Prime License Agreement,
the Intel FPGA IP License Agreement, or other applicable license
agreement, including, without limitation, that your use is for
the sole purpose of programming logic devices manufactured by
Intel and sold by Intel or its authorized distributors.  Please
refer to the applicable agreement for further details.



+----------------------------------------------------------------------------------+
; Flow Summary                                                                     ;
+------------------------------------+---------------------------------------------+
; Flow Status                        ; Successful - Sun Jul 16 17:36:53 2023       ;
; Quartus Prime Version              ; 18.1.0 Build 625 09/12/2018 SJ Lite Edition ;
; Revision Name                      ; RansacNios                                  ;
; Top-level Entity Name              ; RansacNios                                  ;
; Family                             ; Cyclone IV E                                ;
; Device                             ; EP4CE115F29C7                               ;
; Timing Models                      ; Final                                       ;
; Total logic elements               ; 1,826 / 114,480 ( 2 % )                     ;
;     Total combinational functions  ; 1,712 / 114,480 ( 1 % )                     ;
;     Dedicated logic registers      ; 948 / 114,480 ( < 1 % )                     ;
; Total registers                    ; 980                                         ;
; Total pins                         ; 34 / 529 ( 6 % )                            ;
; Total virtual pins                 ; 0                                           ;
; Total memory bits                  ; 1,460,736 / 3,981,312 ( 37 % )              ;
; Embedded Multiplier 9-bit elements ; 0 / 532 ( 0 % )                             ;
; Total PLLs                         ; 0 / 4 ( 0 % )                               ;
+------------------------------------+---------------------------------------------+


+-----------------------------------------+
; Flow Settings                           ;
+-------------------+---------------------+
; Option            ; Setting             ;
+-------------------+---------------------+
; Start date & time ; 07/16/2023 17:36:10 ;
; Main task         ; Compilation         ;
; Revision Name     ; RansacNios          ;
+-------------------+---------------------+


+-----------------------------------------------------------------------------------------------------------------------------------------------------------+
; Flow Non-Default Global Settings                                                                                                                          ;
+--------------------------------------+--------------------------------------------------------------------+---------------+------------------+------------+
; Assignment Name                      ; Value                                                              ; Default Value ; Entity Name      ; Section Id ;
+--------------------------------------+--------------------------------------------------------------------+---------------+------------------+------------+
; COMPILER_SIGNATURE_ID                ; 66504338549047.168953976919320                                     ; --            ; --               ; --         ;
; MAX_CORE_JUNCTION_TEMP               ; 85                                                                 ; --            ; --               ; --         ;
; MIN_CORE_JUNCTION_TEMP               ; 0                                                                  ; --            ; --               ; --         ;
; MISC_FILE                            ; SistemaEmbarcado/synthesis/../SistemaEmbarcado.cmp                 ; --            ; --               ; --         ;
; MISC_FILE                            ; SistemaEmbarcado/synthesis/../../SistemaEmbarcado.qsys             ; --            ; --               ; --         ;
; NOMINAL_CORE_SUPPLY_VOLTAGE          ; 1.2V                                                               ; --            ; --               ; --         ;
; PARTITION_COLOR                      ; -- (Not supported for targeted family)                             ; --            ; --               ; Top        ;
; PARTITION_FITTER_PRESERVATION_LEVEL  ; -- (Not supported for targeted family)                             ; --            ; --               ; Top        ;
; PARTITION_NETLIST_TYPE               ; -- (Not supported for targeted family)                             ; --            ; --               ; Top        ;
; POWER_BOARD_THERMAL_MODEL            ; None (CONSERVATIVE)                                                ; --            ; --               ; --         ;
; POWER_PRESET_COOLING_SOLUTION        ; 23 MM HEAT SINK WITH 200 LFPM AIRFLOW                              ; --            ; --               ; --         ;
; PROJECT_OUTPUT_DIRECTORY             ; output_files                                                       ; --            ; --               ; --         ;
; SLD_FILE                             ; SistemaEmbarcado/synthesis/SistemaEmbarcado.regmap                 ; --            ; --               ; --         ;
; SLD_FILE                             ; SistemaEmbarcado/synthesis/SistemaEmbarcado.debuginfo              ; --            ; --               ; --         ;
; SLD_INFO                             ; QSYS_NAME SistemaEmbarcado HAS_SOPCINFO 1 GENERATION_ID 1689176246 ; --            ; SistemaEmbarcado ; --         ;
; SMART_RECOMPILE                      ; On                                                                 ; Off           ; --               ; --         ;
; SOPCINFO_FILE                        ; SistemaEmbarcado/synthesis/../../SistemaEmbarcado.sopcinfo         ; --            ; --               ; --         ;
; SYNTHESIS_ONLY_QIP                   ; On                                                                 ; --            ; --               ; --         ;
; TIMING_ANALYZER_MULTICORNER_ANALYSIS ; Off                                                                ; On            ; --               ; --         ;
+--------------------------------------+--------------------------------------------------------------------+---------------+------------------+------------+


+--------------------------------------------------------------------------------------------------------------------------+
; Flow Elapsed Time                                                                                                        ;
+----------------------+--------------+-------------------------+---------------------+------------------------------------+
; Module Name          ; Elapsed Time ; Average Processors Used ; Peak Virtual Memory ; Total CPU Time (on all processors) ;
+----------------------+--------------+-------------------------+---------------------+------------------------------------+
; Analysis & Synthesis ; 00:00:24     ; 1.0                     ; 4923 MB             ; 00:00:15                           ;
; Fitter               ; 00:00:12     ; 1.1                     ; 5900 MB             ; 00:00:07                           ;
; Assembler            ; 00:00:03     ; 1.0                     ; 4713 MB             ; 00:00:02                           ;
; Timing Analyzer      ; 00:00:01     ; 1.0                     ; 4839 MB             ; 00:00:00                           ;
; Total                ; 00:00:40     ; --                      ; --                  ; 00:00:24                           ;
+----------------------+--------------+-------------------------+---------------------+------------------------------------+


+------------------------------------------------------------------------------------+
; Flow OS Summary                                                                    ;
+----------------------+------------------+------------+------------+----------------+
; Module Name          ; Machine Hostname ; OS Name    ; OS Version ; Processor type ;
+----------------------+------------------+------------+------------+----------------+
; Analysis & Synthesis ; DESKTOP-3N44NVK  ; Windows 10 ; 10.0       ; x86_64         ;
; Fitter               ; DESKTOP-3N44NVK  ; Windows 10 ; 10.0       ; x86_64         ;
; Assembler            ; DESKTOP-3N44NVK  ; Windows 10 ; 10.0       ; x86_64         ;
; Timing Analyzer      ; DESKTOP-3N44NVK  ; Windows 10 ; 10.0       ; x86_64         ;
+----------------------+------------------+------------+------------+----------------+


------------
; Flow Log ;
------------
quartus_map --read_settings_files=on --write_settings_files=off RansacNios -c RansacNios
quartus_fit --read_settings_files=off --write_settings_files=off RansacNios -c RansacNios
quartus_asm --read_settings_files=off --write_settings_files=off RansacNios -c RansacNios
quartus_sta RansacNios -c RansacNios



