Flow report for RansacNios
Tue Jul 18 18:23:46 2023
Quartus Prime Version 18.1.0 Build 625 09/12/2018 SJ Lite Edition


---------------------
; Table of Contents ;
---------------------
  1. Legal Notice
  2. Flow Summary
  3. Flow Settings
  4. Flow Non-Default Global Settings
  5. Flow Elapsed Time
  6. Flow OS Summary
  7. Flow Log
  8. Flow Messages
  9. Flow Suppressed Messages



----------------
; Legal Notice ;
----------------
Copyright (C) 2018  Intel Corporation. All rights reserved.
Your use of Intel Corporation's design tools, logic functions 
and other software and tools, and its AMPP partner logic 
functions, and any output files from any of the foregoing 
(including device programming or simulation files), and any 
associated documentation or information are expressly subject 
to the terms and conditions of the Intel Program License 
Subscription Agreement, the Intel Quartus Prime License Agreement,
the Intel FPGA IP License Agreement, or other applicable license
agreement, including, without limitation, that your use is for
the sole purpose of programming logic devices manufactured by
Intel and sold by Intel or its authorized distributors.  Please
refer to the applicable agreement for further details.



+----------------------------------------------------------------------------------+
; Flow Summary                                                                     ;
+------------------------------------+---------------------------------------------+
; Flow Status                        ; Successful - Tue Jul 18 18:23:43 2023       ;
; Quartus Prime Version              ; 18.1.0 Build 625 09/12/2018 SJ Lite Edition ;
; Revision Name                      ; RansacNios                                  ;
; Top-level Entity Name              ; RansacNios                                  ;
; Family                             ; Cyclone IV E                                ;
; Device                             ; EP4CE115F29C7                               ;
; Timing Models                      ; Final                                       ;
; Total logic elements               ; 5,514 / 114,480 ( 5 % )                     ;
;     Total combinational functions  ; 5,298 / 114,480 ( 5 % )                     ;
;     Dedicated logic registers      ; 1,558 / 114,480 ( 1 % )                     ;
; Total registers                    ; 1558                                        ;
; Total pins                         ; 2 / 529 ( < 1 % )                           ;
; Total virtual pins                 ; 0                                           ;
; Total memory bits                  ; 2,173,952 / 3,981,312 ( 55 % )              ;
; Embedded Multiplier 9-bit elements ; 40 / 532 ( 8 % )                            ;
; Total PLLs                         ; 0 / 4 ( 0 % )                               ;
+------------------------------------+---------------------------------------------+


+-----------------------------------------+
; Flow Settings                           ;
+-------------------+---------------------+
; Option            ; Setting             ;
+-------------------+---------------------+
; Start date & time ; 07/18/2023 18:22:28 ;
; Main task         ; Compilation         ;
; Revision Name     ; RansacNios          ;
+-------------------+---------------------+


+-----------------------------------------------------------------------------------------------------------------------------------------------------------+
; Flow Non-Default Global Settings                                                                                                                          ;
+--------------------------------------+--------------------------------------------------------------------+---------------+------------------+------------+
; Assignment Name                      ; Value                                                              ; Default Value ; Entity Name      ; Section Id ;
+--------------------------------------+--------------------------------------------------------------------+---------------+------------------+------------+
; COMPILER_SIGNATURE_ID                ; 66504338549047.168971534818952                                     ; --            ; --               ; --         ;
; MAX_CORE_JUNCTION_TEMP               ; 85                                                                 ; --            ; --               ; --         ;
; MIN_CORE_JUNCTION_TEMP               ; 0                                                                  ; --            ; --               ; --         ;
; MISC_FILE                            ; SistemaEmbarcado/synthesis/../SistemaEmbarcado.cmp                 ; --            ; --               ; --         ;
; MISC_FILE                            ; SistemaEmbarcado/synthesis/../../SistemaEmbarcado.qsys             ; --            ; --               ; --         ;
; NOMINAL_CORE_SUPPLY_VOLTAGE          ; 1.2V                                                               ; --            ; --               ; --         ;
; PARTITION_COLOR                      ; -- (Not supported for targeted family)                             ; --            ; --               ; Top        ;
; PARTITION_FITTER_PRESERVATION_LEVEL  ; -- (Not supported for targeted family)                             ; --            ; --               ; Top        ;
; PARTITION_NETLIST_TYPE               ; -- (Not supported for targeted family)                             ; --            ; --               ; Top        ;
; POWER_BOARD_THERMAL_MODEL            ; None (CONSERVATIVE)                                                ; --            ; --               ; --         ;
; POWER_PRESET_COOLING_SOLUTION        ; 23 MM HEAT SINK WITH 200 LFPM AIRFLOW                              ; --            ; --               ; --         ;
; PROJECT_OUTPUT_DIRECTORY             ; output_files                                                       ; --            ; --               ; --         ;
; SLD_FILE                             ; SistemaEmbarcado/synthesis/SistemaEmbarcado.regmap                 ; --            ; --               ; --         ;
; SLD_FILE                             ; SistemaEmbarcado/synthesis/SistemaEmbarcado.debuginfo              ; --            ; --               ; --         ;
; SLD_INFO                             ; QSYS_NAME SistemaEmbarcado HAS_SOPCINFO 1 GENERATION_ID 1689715308 ; --            ; SistemaEmbarcado ; --         ;
; SMART_RECOMPILE                      ; On                                                                 ; Off           ; --               ; --         ;
; SOPCINFO_FILE                        ; SistemaEmbarcado/synthesis/../../SistemaEmbarcado.sopcinfo         ; --            ; --               ; --         ;
; SYNTHESIS_ONLY_QIP                   ; On                                                                 ; --            ; --               ; --         ;
; TIMING_ANALYZER_MULTICORNER_ANALYSIS ; Off                                                                ; On            ; --               ; --         ;
+--------------------------------------+--------------------------------------------------------------------+---------------+------------------+------------+


+--------------------------------------------------------------------------------------------------------------------------+
; Flow Elapsed Time                                                                                                        ;
+----------------------+--------------+-------------------------+---------------------+------------------------------------+
; Module Name          ; Elapsed Time ; Average Processors Used ; Peak Virtual Memory ; Total CPU Time (on all processors) ;
+----------------------+--------------+-------------------------+---------------------+------------------------------------+
; Analysis & Synthesis ; 00:00:30     ; 1.0                     ; 4988 MB             ; 00:00:18                           ;
; Fitter               ; 00:00:17     ; 1.1                     ; 5958 MB             ; 00:00:11                           ;
; Assembler            ; 00:00:04     ; 1.0                     ; 4723 MB             ; 00:00:01                           ;
; Timing Analyzer      ; 00:00:02     ; 1.0                     ; 4876 MB             ; 00:00:01                           ;
; Total                ; 00:00:53     ; --                      ; --                  ; 00:00:31                           ;
+----------------------+--------------+-------------------------+---------------------+------------------------------------+


+------------------------------------------------------------------------------------+
; Flow OS Summary                                                                    ;
+----------------------+------------------+------------+------------+----------------+
; Module Name          ; Machine Hostname ; OS Name    ; OS Version ; Processor type ;
+----------------------+------------------+------------+------------+----------------+
; Analysis & Synthesis ; DESKTOP-3N44NVK  ; Windows 10 ; 10.0       ; x86_64         ;
; Fitter               ; DESKTOP-3N44NVK  ; Windows 10 ; 10.0       ; x86_64         ;
; Assembler            ; DESKTOP-3N44NVK  ; Windows 10 ; 10.0       ; x86_64         ;
; Timing Analyzer      ; DESKTOP-3N44NVK  ; Windows 10 ; 10.0       ; x86_64         ;
+----------------------+------------------+------------+------------+----------------+


------------
; Flow Log ;
------------
quartus_map --read_settings_files=on --write_settings_files=off RansacNios -c RansacNios
quartus_fit --read_settings_files=off --write_settings_files=off RansacNios -c RansacNios
quartus_asm --read_settings_files=off --write_settings_files=off RansacNios -c RansacNios
quartus_sta RansacNios -c RansacNios



